[09:12:31] [ServerMain/INFO]: Environment: authHost='https://authserver.mojang.com', accountsHost='https://api.mojang.com', sessionHost='https://sessionserver.mojang.com', servicesHost='https://api.minecraftservices.com', name='PROD'
[09:12:33] [Worker-Main-2/INFO]: Loaded 7 recipes
[09:12:35] [Server thread/INFO]: Starting minecraft server version 1.18.2
[09:12:35] [Server thread/INFO]: Loading properties
[09:12:35] [Server thread/INFO]: This server is running Paper version git-Paper-388 (MC: 1.18.2) (Implementing API version 1.18.2-R0.1-SNAPSHOT) (Git: fc9ee65 on ver/1.18.2)
[09:12:35] [Server thread/INFO]: Server Ping Player Sample Count: 12
[09:12:35] [Server thread/INFO]: Using 4 threads for Netty based IO
[09:12:35] [Server thread/INFO]: Default game type: ADVENTURE
[09:12:35] [Server thread/INFO]: Generating keypair
[09:12:35] [Server thread/INFO]: Starting Minecraft server on *:25566
[09:12:36] [Server thread/INFO]: Using epoll channel type
[09:12:36] [Server thread/INFO]: Paper: Using libdeflate (Linux x86_64) compression from Velocity.
[09:12:36] [Server thread/INFO]: Paper: Using Java cipher from Velocity.
[09:12:37] [Server thread/INFO]: [NickAPI] Loading NickAPI v6.5.1
[09:12:37] [Server thread/INFO]: [LuckPerms] Loading LuckPerms v5.4.106
[09:12:37] [Server thread/INFO]: [WorldEdit] Loading WorldEdit v7.2.10+1742f98
[09:12:38] [Server thread/INFO]: Got request to register class com.sk89q.worldedit.bukkit.BukkitServerInterface with WorldEdit [com.sk89q.worldedit.extension.platform.PlatformManager@199f3cee]
[09:12:38] [Server thread/INFO]: [AdvancedBan] Loading AdvancedBan v2.3.0
[09:12:38] [Server thread/INFO]: [HungerGamesCore] Loading HungerGamesCore v1.0-SNAPSHOT
[09:12:38] [Server thread/INFO]: [Negativity] Loading Negativity v1.14
[09:12:38] [Server thread/INFO]: [HaoNick] Loading HaoNick v4.6.5
[09:12:38] [Server thread/INFO]: [GrimAC] Loading GrimAC v2.3.46
[09:12:38] [Server thread/INFO]: [GrimAC] Loading PacketEvents...
[09:12:39] [Server thread/INFO]: Server permissions file permissions.yml is empty, ignoring it
[09:12:39] [Server thread/INFO]: [LuckPerms] Enabling LuckPerms v5.4.106
[09:12:40] [Server thread/INFO]:         __    
[09:12:40] [Server thread/INFO]:   |    |__)   LuckPerms v5.4.106
[09:12:40] [Server thread/INFO]:   |___ |      Running on Bukkit - Paper
[09:12:40] [Server thread/INFO]: 
[09:12:40] [Server thread/INFO]: [LuckPerms] Loading configuration...
[09:12:41] [Server thread/INFO]: [LuckPerms] Loading storage provider... [MARIADB]
[09:12:41] [Server thread/INFO]: [me.lucko.luckperms.lib.hikari.HikariDataSource] luckperms-hikari - Starting...
[09:12:41] [Server thread/INFO]: [me.lucko.luckperms.lib.hikari.HikariDataSource] luckperms-hikari - Start completed.
[09:12:41] [Server thread/INFO]: [LuckPerms] Loading messaging service... [SQL]
[09:12:42] [Server thread/INFO]: [LuckPerms] Loading internal permission managers...
[09:12:42] [Server thread/INFO]: [LuckPerms] Performing initial data load...
[09:12:42] [Server thread/INFO]: [LuckPerms] Successfully enabled. (took 2792ms)
[09:12:42] [Server thread/INFO]: [WorldEdit] Enabling WorldEdit v7.2.10+1742f98
[09:12:42] [Server thread/INFO]: Registering commands with com.sk89q.worldedit.bukkit.BukkitServerInterface
[09:12:42] [Server thread/INFO]: WEPIF: Updated config file
[09:12:42] [Server thread/INFO]: WEPIF: Using the Bukkit Permissions API.
[09:12:43] [Server thread/INFO]: Using com.sk89q.worldedit.bukkit.adapter.impl.v1_18_R2.PaperweightAdapter as the Bukkit adapter
[09:12:45] [Server thread/WARN]: **** SERVER IS RUNNING IN OFFLINE/INSECURE MODE!
[09:12:45] [Server thread/WARN]: The server will make no attempt to authenticate usernames. Beware.
[09:12:45] [Server thread/WARN]: Whilst this makes it possible to use BungeeCord, unless access to your server is properly restricted, it also opens up the ability for hackers to connect with any username they choose.
[09:12:45] [Server thread/WARN]: Please see http://www.spigotmc.org/wiki/firewall-guide/ for further information.
[09:12:45] [Server thread/WARN]: To change this, set "online-mode" to "true" in the server.properties file.
[09:12:45] [Server thread/INFO]: Preparing level "world"
[09:12:46] [Server thread/INFO]: Preparing start region for dimension minecraft:overworld
[09:12:46] [Server thread/INFO]: Time elapsed: 619 ms
[09:12:46] [Server thread/INFO]: [NickAPI] Enabling NickAPI v6.5.1
[09:12:46] [Server thread/INFO]: [NickAPI] v1_18_R2 has been found
[09:12:46] [Server thread/INFO]: [NickAPI] [NickAPI] Visit our discord: https://haoshoku.xyz/go/discord
[09:12:46] [Server thread/INFO]: [AdvancedBan] Enabling AdvancedBan v2.3.0
[09:12:46] [Server thread/INFO]: [me.leoko.advancedban.shaded.com.zaxxer.hikari.HikariDataSource] HikariPool-1 - Starting...
[09:12:47] [Server thread/INFO]: [me.leoko.advancedban.shaded.com.zaxxer.hikari.pool.PoolBase] HikariPool-1 - Driver does not support get/set network timeout for connections. (feature not supported)
[09:12:47] [Server thread/INFO]: [me.leoko.advancedban.shaded.com.zaxxer.hikari.HikariDataSource] HikariPool-1 - Start completed.
[09:12:47] [Server thread/INFO]: 
 
[]=====[Enabling AdvancedBan]=====[]
| Information:
|   Name: AdvancedBan
|   Developer: Leoko
|   Version: 2.3.0
|   Storage: HSQLDB (local)
| Support:
|   Github: https://github.com/DevLeoko/AdvancedBan/issues
|   Discord: https://discord.gg/ycDG6rS
| Twitter: @LeokoGar
| Update:
|   You have the newest version
[]================================[]
 
[09:12:47] [Server thread/INFO]: [HungerGamesCore] Enabling HungerGamesCore v1.0-SNAPSHOT
[09:12:47] [Server thread/ERROR]: File: worldData is NULL
[09:12:47] [Server thread/ERROR]: File: worldData is NULL
[09:12:47] [Server thread/INFO]: Main class Changed the game state to: TESTING
[09:12:47] [Server thread/INFO]: CoreLoaded
[09:12:47] [Server thread/INFO]: Game state changed to: TESTING
[09:12:47] [Server thread/INFO]: [HungerGamesCore] [STDOUT] File already exists.
[09:12:47] [Server thread/WARN]: Nag author(s): '[]' of 'HungerGamesCore' about their usage of System.out/err.print. Please use your plugin's logger instead (JavaPlugin#getLogger).
[09:12:47] [Server thread/WARN]: [HungerGamesCore] Loaded class me.leoko.advancedban.shaded.org.hsqldb.jdbc.JDBCDriver from AdvancedBan v2.3.0 which is not a depend or softdepend of this plugin.
[09:12:48] [Server thread/INFO]: [Negativity] Enabling Negativity v1.14
[09:12:48] [Server thread/INFO]: [Negativity] Detected server version: v1_18 (v1_18_R2)
[09:12:48] [Server thread/WARN]: [Negativity] This plugin has no longer support since 01/09/2023. Only the premium version is now updated.
[09:12:48] [Server thread/WARN]: [Negativity] You can find it at: https://www.spigotmc.org/resources/86874.
[09:12:48] [Server thread/INFO]: [Negativity] This plugin is free, but you can buy the premium version : https://www.spigotmc.org/resources/86874 <3
[09:12:48] [Server thread/INFO]: [Negativity] Founded u/v/w baseBlock's methods
[09:12:48] [Server thread/INFO]: [Negativity] Loaded support for AdvancedBan.
[09:12:48] [Server thread/INFO]: [HaoNick] Enabling HaoNick v4.6.5
[09:12:48] [Server thread/INFO]: [GrimAC] Enabling GrimAC v2.3.46
[09:12:48] [Server thread/INFO]: [GrimAC] Registering singular bukkit event... (PistonEvent)
[09:12:48] [Server thread/INFO]: [GrimAC] Registering packets...
[09:12:48] [Server thread/INFO]: [GrimAC] Registering an outgoing plugin channel...
[09:12:49] [Server thread/INFO]: [GrimAC] Registering tick schedulers...
[09:12:49] [Server thread/INFO]: [GrimAC] [ACF] Enabled Asynchronous Tab Completion Support!
[09:12:49] [Server thread/INFO]: Running delayed init tasks
[09:12:49] [Server thread/INFO]: Done (14.306s)! For help, type "help"
[09:12:49] [Server thread/INFO]: Timings Reset
[09:12:49] [Craft Scheduler Thread - 3 - NickAPI/INFO]: [NickAPI] A new version of NickAPI [6.5.3] is available! You are on 6.5.1.
[09:25:33] [User Authenticator #1/INFO]: UUID of player SylusSquared is e5c90261-b745-4f34-8d8d-8ca9d73c2ca2
[09:25:33] [Server thread/WARN]: Trying to add player data to localData
[09:25:33] [Server thread/INFO]: [HungerGamesCore] [STDOUT] 0PLAYERNUMBERS
[09:25:33] [Server thread/WARN]: Nag author(s): '[]' of 'HungerGamesCore' about their usage of System.out/err.print. Please use your plugin's logger instead (JavaPlugin#getLogger).
[09:25:33] [Server thread/INFO]: SylusSquared[/127.0.0.1:33017] logged in with entity id 13 at ([world]-165.0, 68.0, -35.0)
[09:25:33] [Craft Scheduler Thread - 15 - HaoNick/INFO]: SylusSquared joined the game
[09:36:17] [Server thread/INFO]: SylusSquared issued server command: /stop
[09:36:17] [Server thread/INFO]: [SylusSquared: Stopping the server]
[09:36:17] [Server thread/INFO]: Stopping server
[09:36:17] [Server thread/INFO]: [GrimAC] Disabling GrimAC v2.3.46
[09:36:17] [Server thread/INFO]: [GrimAC] Terminating PacketEvents...
[09:36:17] [Server thread/INFO]: [HaoNick] Disabling HaoNick v4.6.5
[09:36:17] [Server thread/INFO]: [Negativity] Disabling Negativity v1.14
[09:36:17] [Server thread/INFO]: [HungerGamesCore] Disabling HungerGamesCore v1.0-SNAPSHOT
[09:36:17] [Server thread/WARN]: Closed the database connection
[09:36:17] [Server thread/ERROR]: java.sql.SQLNonTransientConnectionException: (conn=53) Connection is closed
[09:36:17] [Server thread/INFO]: [AdvancedBan] Disabling AdvancedBan v2.3.0
[09:36:17] [Server thread/INFO]: [hsqldb.db.HSQLDB8BA57FE727.ENGINE] Database closed
[09:36:17] [Server thread/INFO]: [me.leoko.advancedban.shaded.com.zaxxer.hikari.HikariDataSource] HikariPool-1 - Shutdown initiated...
[09:36:17] [Server thread/INFO]: [me.leoko.advancedban.shaded.com.zaxxer.hikari.HikariDataSource] HikariPool-1 - Shutdown completed.
[09:36:17] [Server thread/INFO]: 
 
[]=====[Disabling AdvancedBan]=====[]
| Information:
|   Name: AdvancedBan
|   Developer: Leoko
|   Version: 2.3.0
|   Storage: HSQLDB (local)
| Support:
|   Github: https://github.com/DevLeoko/AdvancedBan/issues
|   Discord: https://discord.gg/ycDG6rS
| Twitter: @LeokoGar
[]================================[]
 
[09:36:17] [Server thread/INFO]: [WorldEdit] Disabling WorldEdit v7.2.10+1742f98
[09:36:17] [Server thread/INFO]: Unregistering com.sk89q.worldedit.bukkit.BukkitServerInterface from WorldEdit
[09:36:17] [Server thread/INFO]: [LuckPerms] Disabling LuckPerms v5.4.106
[09:36:17] [Server thread/INFO]: [LuckPerms] Starting shutdown process...
[09:36:17] [Server thread/INFO]: [LuckPerms] Closing messaging service...
[09:36:17] [Server thread/INFO]: [LuckPerms] Closing storage...
[09:36:17] [Server thread/INFO]: [me.lucko.luckperms.lib.hikari.HikariDataSource] luckperms-hikari - Shutdown initiated...
[09:36:17] [Server thread/INFO]: [me.lucko.luckperms.lib.hikari.HikariDataSource] luckperms-hikari - Shutdown completed.
[09:36:17] [Server thread/INFO]: [LuckPerms] Goodbye!
[09:36:17] [Server thread/INFO]: [NickAPI] Disabling NickAPI v6.5.1
[09:36:17] [Server thread/INFO]: Saving players
[09:36:17] [Server thread/INFO]: SylusSquared lost connection: Server closed
[09:36:17] [Server thread/INFO]: SylusSquared left the game
[09:36:17] [Server thread/INFO]: Saving worlds
[09:36:17] [Server thread/INFO]: Saving chunks for level 'ServerLevel[world]'/minecraft:overworld
[09:36:18] [Server thread/INFO]: ThreadedAnvilChunkStorage (world): All chunks are saved
[09:36:18] [Server thread/INFO]: ThreadedAnvilChunkStorage: All dimensions are saved
[09:36:18] [Server thread/INFO]: Flushing Chunk IO
[09:36:18] [Server thread/INFO]: Closing Thread Pool
[09:36:18] [Server thread/INFO]: Closing Server
