[14:52:41] [ServerMain/INFO]: Environment: authHost='https://authserver.mojang.com', accountsHost='https://api.mojang.com', sessionHost='https://sessionserver.mojang.com', servicesHost='https://api.minecraftservices.com', name='PROD'
[14:52:43] [Worker-Main-1/INFO]: Loaded 7 recipes
[14:52:44] [Server thread/INFO]: Starting minecraft server version 1.18.2
[14:52:44] [Server thread/INFO]: Loading properties
[14:52:44] [Server thread/INFO]: This server is running Paper version git-Paper-388 (MC: 1.18.2) (Implementing API version 1.18.2-R0.1-SNAPSHOT) (Git: fc9ee65 on ver/1.18.2)
[14:52:44] [Server thread/INFO]: Server Ping Player Sample Count: 12
[14:52:44] [Server thread/INFO]: Using 4 threads for Netty based IO
[14:52:44] [Server thread/INFO]: Default game type: ADVENTURE
[14:52:44] [Server thread/INFO]: Generating keypair
[14:52:44] [Server thread/INFO]: Starting Minecraft server on 127.0.0.1:25567
[14:52:44] [Server thread/INFO]: Using epoll channel type
[14:52:44] [Server thread/INFO]: Paper: Using libdeflate (Linux x86_64) compression from Velocity.
[14:52:44] [Server thread/INFO]: Paper: Using Java cipher from Velocity.
[14:52:45] [Server thread/INFO]: [NickAPI] Loading NickAPI v6.5.1
[14:52:45] [Server thread/INFO]: [LuckPerms] Loading LuckPerms v5.4.106
[14:52:45] [Server thread/INFO]: [WorldEdit] Loading WorldEdit v7.2.10+1742f98
[14:52:45] [Server thread/INFO]: Got request to register class com.sk89q.worldedit.bukkit.BukkitServerInterface with WorldEdit [com.sk89q.worldedit.extension.platform.PlatformManager@4a3a592f]
[14:52:45] [Server thread/INFO]: [AdvancedBan] Loading AdvancedBan v2.3.0
[14:52:45] [Server thread/INFO]: [HungerGamesCore] Loading HungerGamesCore v1.0-SNAPSHOT
[14:52:45] [Server thread/INFO]: [Negativity] Loading Negativity v1.14
[14:52:45] [Server thread/INFO]: [HaoNick] Loading HaoNick v4.6.5
[14:52:45] [Server thread/INFO]: [GrimAC] Loading GrimAC v2.3.46
[14:52:46] [Server thread/INFO]: [GrimAC] Loading PacketEvents...
[14:52:46] [Server thread/INFO]: Server permissions file permissions.yml is empty, ignoring it
[14:52:46] [Server thread/INFO]: [LuckPerms] Enabling LuckPerms v5.4.106
[14:52:46] [Server thread/INFO]:         __    
[14:52:46] [Server thread/INFO]:   |    |__)   LuckPerms v5.4.106
[14:52:46] [Server thread/INFO]:   |___ |      Running on Bukkit - Paper
[14:52:46] [Server thread/INFO]: 
[14:52:46] [Server thread/INFO]: [LuckPerms] Loading configuration...
[14:52:47] [Server thread/INFO]: [LuckPerms] Loading storage provider... [MARIADB]
[14:52:47] [Server thread/INFO]: [me.lucko.luckperms.lib.hikari.HikariDataSource] luckperms-hikari - Starting...
[14:52:47] [Server thread/INFO]: [me.lucko.luckperms.lib.hikari.HikariDataSource] luckperms-hikari - Start completed.
[14:52:47] [Server thread/INFO]: [LuckPerms] Loading messaging service... [SQL]
[14:52:47] [Server thread/INFO]: [LuckPerms] Loading internal permission managers...
[14:52:47] [Server thread/INFO]: [LuckPerms] Performing initial data load...
[14:52:47] [Server thread/INFO]: [LuckPerms] Successfully enabled. (took 1287ms)
[14:52:47] [Server thread/INFO]: [WorldEdit] Enabling WorldEdit v7.2.10+1742f98
[14:52:47] [Server thread/INFO]: Registering commands with com.sk89q.worldedit.bukkit.BukkitServerInterface
[14:52:47] [Server thread/INFO]: WEPIF: Using the Bukkit Permissions API.
[14:52:48] [Server thread/INFO]: Using com.sk89q.worldedit.bukkit.adapter.impl.v1_18_R2.PaperweightAdapter as the Bukkit adapter
[14:52:49] [Server thread/WARN]: **** SERVER IS RUNNING IN OFFLINE/INSECURE MODE!
[14:52:49] [Server thread/WARN]: The server will make no attempt to authenticate usernames. Beware.
[14:52:49] [Server thread/WARN]: Whilst this makes it possible to use BungeeCord, unless access to your server is properly restricted, it also opens up the ability for hackers to connect with any username they choose.
[14:52:49] [Server thread/WARN]: Please see http://www.spigotmc.org/wiki/firewall-guide/ for further information.
[14:52:49] [Server thread/WARN]: To change this, set "online-mode" to "true" in the server.properties file.
[14:52:49] [Server thread/INFO]: Preparing level "world"
[14:52:50] [Server thread/INFO]: Preparing start region for dimension minecraft:overworld
[14:52:50] [Server thread/INFO]: Time elapsed: 346 ms
[14:52:50] [Server thread/INFO]: Preparing start region for dimension minecraft:the_nether
[14:52:50] [Server thread/INFO]: Time elapsed: 212 ms
[14:52:50] [Server thread/INFO]: Preparing start region for dimension minecraft:the_end
[14:52:51] [Server thread/INFO]: Time elapsed: 508 ms
[14:52:51] [Server thread/INFO]: [NickAPI] Enabling NickAPI v6.5.1
[14:52:51] [Server thread/INFO]: [NickAPI] v1_18_R2 has been found
[14:52:51] [Server thread/INFO]: [NickAPI] [NickAPI] Visit our discord: https://haoshoku.xyz/go/discord
[14:52:51] [Server thread/INFO]: [AdvancedBan] Enabling AdvancedBan v2.3.0
[14:52:51] [Server thread/INFO]: [me.leoko.advancedban.shaded.com.zaxxer.hikari.HikariDataSource] HikariPool-1 - Starting...
[14:52:52] [Server thread/INFO]: [me.leoko.advancedban.shaded.com.zaxxer.hikari.pool.PoolBase] HikariPool-1 - Driver does not support get/set network timeout for connections. (feature not supported)
[14:52:52] [Server thread/INFO]: [me.leoko.advancedban.shaded.com.zaxxer.hikari.HikariDataSource] HikariPool-1 - Start completed.
[14:52:52] [Server thread/INFO]: 
 
[]=====[Enabling AdvancedBan]=====[]
| Information:
|   Name: AdvancedBan
|   Developer: Leoko
|   Version: 2.3.0
|   Storage: HSQLDB (local)
| Support:
|   Github: https://github.com/DevLeoko/AdvancedBan/issues
|   Discord: https://discord.gg/ycDG6rS
| Twitter: @LeokoGar
| Update:
|   You have the newest version
[]================================[]
 
[14:52:52] [Server thread/INFO]: [HungerGamesCore] Enabling HungerGamesCore v1.0-SNAPSHOT
[14:52:52] [Server thread/ERROR]: File: worldData is NULL
[14:52:52] [Server thread/ERROR]: File: worldData is NULL
[14:52:52] [Server thread/INFO]: Main class Changed the game state to: PREGAME
[14:52:52] [Server thread/INFO]: CoreLoaded
[14:52:52] [Server thread/INFO]: Game state changed to: PREGAME
[14:52:52] [Server thread/INFO]: File already exists.
[14:52:52] [Server thread/WARN]: [HungerGamesCore] Loaded class me.leoko.advancedban.shaded.org.hsqldb.jdbc.JDBCDriver from AdvancedBan v2.3.0 which is not a depend or softdepend of this plugin.
[14:52:52] [Server thread/INFO]: [Negativity] Enabling Negativity v1.14
[14:52:52] [Server thread/INFO]: [Negativity] Detected server version: v1_18 (v1_18_R2)
[14:52:52] [Server thread/WARN]: [Negativity] This plugin has no longer support since 01/09/2023. Only the premium version is now updated.
[14:52:52] [Server thread/WARN]: [Negativity] You can find it at: https://www.spigotmc.org/resources/86874.
[14:52:52] [Server thread/INFO]: [Negativity] This plugin is free, but you can buy the premium version : https://www.spigotmc.org/resources/86874 <3
[14:52:52] [Server thread/INFO]: [Negativity] Founded u/v/w baseBlock's methods
[14:52:52] [Server thread/INFO]: [Negativity] Loaded support for AdvancedBan.
[14:52:52] [Server thread/INFO]: [HaoNick] Enabling HaoNick v4.6.5
[14:52:53] [Server thread/INFO]: [GrimAC] Enabling GrimAC v2.3.46
[14:52:53] [Server thread/INFO]: [GrimAC] Registering singular bukkit event... (PistonEvent)
[14:52:53] [Server thread/INFO]: [GrimAC] Registering packets...
[14:52:53] [Server thread/INFO]: [GrimAC] Registering an outgoing plugin channel...
[14:52:53] [Server thread/INFO]: [GrimAC] Registering tick schedulers...
[14:52:53] [Server thread/INFO]: [GrimAC] [ACF] Enabled Asynchronous Tab Completion Support!
[14:52:53] [Server thread/INFO]: Running delayed init tasks
[14:52:53] [Server thread/INFO]: Done (9.384s)! For help, type "help"
[14:52:53] [Server thread/INFO]: Timings Reset
[14:52:54] [Craft Scheduler Thread - 2 - NickAPI/INFO]: [NickAPI] A new version of NickAPI [6.5.3] is available! You are on 6.5.1.
[14:53:01] [User Authenticator #1/INFO]: UUID of player SylusSquared is e5c90261-b745-4f34-8d8d-8ca9d73c2ca2
[14:53:01] [Server thread/WARN]: Trying to add player data to localData
[14:53:01] [Server thread/INFO]: [HungerGamesCore] [STDOUT] 0PLAYERNUMBERS
[14:53:01] [Server thread/WARN]: Nag author(s): '[]' of 'HungerGamesCore' about their usage of System.out/err.print. Please use your plugin's logger instead (JavaPlugin#getLogger).
[14:53:01] [Server thread/INFO]: SylusSquared[/127.0.0.1:57925] logged in with entity id 42 at ([world]16.0, 69.0, 29.0)
[14:53:01] [Craft Scheduler Thread - 3 - HaoNick/INFO]: SylusSquared joined the game
[14:53:12] [Server thread/INFO]: SylusSquared issued server command: /gamestart
[14:53:12] [Server thread/INFO]: Count down task Changed the game state to: GAMESTART
[14:53:16] [Server thread/INFO]: You will be teleported in 15 seconds
[14:53:21] [Server thread/INFO]: You will be teleported in 10 seconds
[14:53:26] [Server thread/INFO]: You will be teleported in 5 seconds
[14:53:27] [Server thread/INFO]: You will be teleported in 4 seconds
[14:53:28] [Server thread/INFO]: You will be teleported in 3 seconds
[14:53:29] [Server thread/INFO]: You will be teleported in 2 seconds
[14:53:30] [Server thread/INFO]: You will be teleported in 1 seconds
[14:53:31] [Server thread/INFO]: The game will begin in 10 seconds
[14:53:36] [Server thread/INFO]: The game will begin in 5 seconds
[14:53:37] [Server thread/INFO]: The game will begin in 4 seconds
[14:53:38] [Server thread/INFO]: The game will begin in 3 seconds
[14:53:39] [Server thread/INFO]: The game will begin in 2 seconds
[14:53:40] [Server thread/INFO]: The game will begin in 1 second
[14:53:41] [Server thread/INFO]: Game run task Changed the game state to: ACTIVE
[14:53:41] [Server thread/INFO]: [!] The game has started.
[14:53:41] [Server thread/ERROR]: File: worldData is NULL
[14:54:45] [Server thread/INFO]: SylusSquared issued server command: /stopgame
[14:54:45] [Server thread/INFO]: Game timer stopped game Changed the game state to: ENDING
[14:54:45] [Server thread/WARN]: Game stopped by an admin
[14:54:45] [Server thread/WARN]: Game stopped
[14:55:04] [Server thread/INFO]: SylusSquared issued server command: /join lobby
[14:55:04] [Server thread/INFO]: SylusSquared lost connection: Disconnected
[14:55:04] [Server thread/INFO]: SylusSquared left the game
[14:55:18] [Server thread/INFO]: Stopping the server
[14:55:18] [Server thread/INFO]: Stopping server
[14:55:18] [Server thread/INFO]: [GrimAC] Disabling GrimAC v2.3.46
[14:55:18] [Server thread/INFO]: [GrimAC] Terminating PacketEvents...
[14:55:18] [Server thread/INFO]: [HaoNick] Disabling HaoNick v4.6.5
[14:55:18] [Server thread/INFO]: [Negativity] Disabling Negativity v1.14
[14:55:18] [Server thread/INFO]: [HungerGamesCore] Disabling HungerGamesCore v1.0-SNAPSHOT
[14:55:18] [Server thread/WARN]: Closed the database connection
[14:55:18] [Server thread/INFO]: [AdvancedBan] Disabling AdvancedBan v2.3.0
[14:55:18] [Server thread/INFO]: [hsqldb.db.HSQLDB8BA5800747.ENGINE] Database closed
[14:55:18] [Server thread/INFO]: [me.leoko.advancedban.shaded.com.zaxxer.hikari.HikariDataSource] HikariPool-1 - Shutdown initiated...
[14:55:18] [Server thread/INFO]: [me.leoko.advancedban.shaded.com.zaxxer.hikari.HikariDataSource] HikariPool-1 - Shutdown completed.
[14:55:18] [Server thread/INFO]: 
 
[]=====[Disabling AdvancedBan]=====[]
| Information:
|   Name: AdvancedBan
|   Developer: Leoko
|   Version: 2.3.0
|   Storage: HSQLDB (local)
| Support:
|   Github: https://github.com/DevLeoko/AdvancedBan/issues
|   Discord: https://discord.gg/ycDG6rS
| Twitter: @LeokoGar
[]================================[]
 
[14:55:18] [Server thread/INFO]: [WorldEdit] Disabling WorldEdit v7.2.10+1742f98
[14:55:18] [Server thread/INFO]: Unregistering com.sk89q.worldedit.bukkit.BukkitServerInterface from WorldEdit
[14:55:18] [Server thread/INFO]: [LuckPerms] Disabling LuckPerms v5.4.106
[14:55:18] [Server thread/INFO]: [LuckPerms] Starting shutdown process...
[14:55:18] [Server thread/INFO]: [LuckPerms] Closing messaging service...
[14:55:18] [Server thread/INFO]: [LuckPerms] Closing storage...
[14:55:18] [Server thread/INFO]: [me.lucko.luckperms.lib.hikari.HikariDataSource] luckperms-hikari - Shutdown initiated...
[14:55:18] [Server thread/INFO]: [me.lucko.luckperms.lib.hikari.HikariDataSource] luckperms-hikari - Shutdown completed.
[14:55:18] [Server thread/INFO]: [LuckPerms] Goodbye!
[14:55:18] [Server thread/INFO]: [NickAPI] Disabling NickAPI v6.5.1
[14:55:18] [Server thread/INFO]: Saving players
[14:55:18] [Server thread/INFO]: Saving worlds
[14:55:18] [Server thread/INFO]: Saving chunks for level 'ServerLevel[world]'/minecraft:overworld
[14:55:20] [Server thread/INFO]: Saving chunks for level 'ServerLevel[world_nether]'/minecraft:the_nether
[14:55:20] [Server thread/INFO]: Saving chunks for level 'ServerLevel[world_the_end]'/minecraft:the_end
[14:55:20] [Server thread/INFO]: ThreadedAnvilChunkStorage (world): All chunks are saved
[14:55:20] [Server thread/INFO]: ThreadedAnvilChunkStorage (DIM-1): All chunks are saved
[14:55:20] [Server thread/INFO]: ThreadedAnvilChunkStorage (DIM1): All chunks are saved
[14:55:20] [Server thread/INFO]: ThreadedAnvilChunkStorage: All dimensions are saved
[14:55:20] [Server thread/INFO]: Flushing Chunk IO
[14:55:20] [Server thread/INFO]: Closing Thread Pool
[14:55:20] [Server thread/INFO]: Closing Server
